<?xml version="1.0" encoding="UTF-8"?>
<!-- Generated by org.testng.reporters.JUnitReportReporter -->
<testsuite hostname="LAPTOP-HBOCIAMD" name="P1.SampleTest" tests="4" failures="0" timestamp="29 Oct 2019 08:56:12 GMT" time="0.120" errors="0">
  <testcase name="m1" time="0.102" classname="P1.SampleTest"/>
  <testcase name="m4" time="0.004" classname="P1.SampleTest"/>
  <testcase name="m2" time="0.005" classname="P1.SampleTest"/>
  <testcase name="m3" time="0.009" classname="P1.SampleTest"/>
</testsuite> <!-- P1.SampleTest -->
