<?xml version="1.0" encoding="UTF-8"?>
<!-- Generated by org.testng.reporters.JUnitReportReporter -->
<testsuite hostname="LAPTOP-HBOCIAMD" name="P1.C1" tests="1" failures="0" timestamp="14 Oct 2019 05:02:13 GMT" time="0.097" errors="0">
  <testcase name="m1" time="0.097" classname="P1.C1"/>
</testsuite> <!-- P1.C1 -->
