<?xml version="1.0" encoding="UTF-8"?>
<!-- Generated by org.testng.reporters.JUnitReportReporter -->
<testsuite hostname="LAPTOP-HBOCIAMD" name="P1.SampleTest" tests="4" failures="0" timestamp="14 Oct 2019 19:00:57 GMT" time="0.050" errors="0">
  <testcase name="m1" time="0.030" classname="P1.SampleTest"/>
  <testcase name="m4" time="0.000" classname="P1.SampleTest"/>
  <testcase name="m2" time="0.010" classname="P1.SampleTest"/>
  <testcase name="m3" time="0.010" classname="P1.SampleTest"/>
</testsuite> <!-- P1.SampleTest -->
